{
  "0 debug pnpm:scope": {
    "selected": 1
  },
  "1 debug pnpm:package-manifest": {
    "initial": {
      "name": "nextjs",
      "version": "0.1.0",
      "private": true,
      "scripts": {
        "dev": "next dev",
        "build": "next build",
        "start": "next start",
        "prettier": "prettier --write '**/*.{js,jsx,tsx,ts,less,md,json}'",
        "lint": "npm run lint:js && npm run lint:style && npm run lint:prettier",
        "lint-staged": "lint-staged",
        "lint-staged:js": "eslint --ext .js,.jsx,.ts,.tsx",
        "lint:fix": "eslint --fix --cache --ext .js,.jsx,.ts,.tsx --format=pretty && npm run lint:style",
        "lint:js": "eslint --cache --ext .js,.jsx,.ts,.tsx --format=pretty",
        "lint:prettier": "prettier --check --end-of-line auto",
        "lint:style": "stylelint --fix --syntax css"
      },
      "husky": {
        "hooks": {
          "pre-commit": "lint-staged",
          "commit-msg": "commitlint -e $HUSKY_GIT_PARAMS"
        }
      },
      "lint-staged": {
        "*.{js,jsx,ts,tsx}": "npm run lint-staged:js",
        "*.{js,jsx,less,md,json}": [
          "prettier --write"
        ],
        "*.ts?(x)": [
          "prettier --parser=typescript --write"
        ],
        "**/*.less": "npm run lint:style"
      },
      "dependencies": {
        "3id-did-provider": "1.1.0",
        "@3id/connect": "^0.2.0",
        "@ceramicnetwork/3id-did-resolver": "1.4.0",
        "@ceramicnetwork/common": "1.3.0",
        "@ceramicnetwork/http-client": "1.2.0",
        "@ceramicstudio/idx": "^0.12.1",
        "@ceramicstudio/idx-tools": "0.11.0",
        "@ceramicstudio/idx-constants": "^1.0.0",
        "@ceramicnetwork/stream-tile": "1.2.0",
        "dids": "^2.4.0",
        "key-did-resolver": "^1.2.1",
        "stream-browserify": "^3.0.0",
        "@emotion/react": "^11.4.0",
        "@types/merge-images": "1.2.1",
        "buffer": "^6.0.3",
        "dataverse-sdk": "./dataverse/sdk",
        "nft.storage": "^0.3.9",
        "react-spring": "^9.2.1",
        "react-use": "^17.2.4",
        "@ant-design/icons": "^4.6.2",
        "@download/blockies": "^1.0.3",
        "@headlessui/react": "^1.3.0",
        "@heroicons/react": "^1.0.2",
        "@reach/skip-nav": "^0.15.0",
        "@react-aria/button": "^3.3.2",
        "@react-aria/dialog": "^3.1.3",
        "@react-aria/focus": "^3.4.0",
        "@react-aria/overlays": "^3.7.1",
        "@react-stately/overlays": "^3.1.2",
        "@svgr/webpack": "^5.5.0",
        "@tryghost/content-api": "^1.5.10",
        "@types/qs": "^6.9.6",
        "@types/tryghost__content-api": "^1.3.7",
        "antd": "^4.16.10",
        "autoprefixer": "^10.2.6",
        "axios": "^0.21.1",
        "babel-plugin-import": "^1.13.3",
        "classnames": "^2.3.1",
        "dayjs": "^1.10.6",
        "ethers": "^5.4.4",
        "eventemitter3": "^4.0.7",
        "gsap": "^3.7.1",
        "isomorphic-fetch": "^3.0.0",
        "merge-images": "^2.0.0",
        "next": "11.x",
        "next-intl": "^1.4.4",
        "next-plugin-antd-less": "^1.3.0",
        "postcss": "^8.3.5",
        "qs": "^6.10.1",
        "react": "17.x",
        "react-aria": "^3.6.0",
        "react-dom": "17.x",
        "react-infinite-scroll-component": "^6.1.0",
        "react-lines-ellipsis": "^0.15.0",
        "react-modal": "^3.14.3",
        "react-player": "^2.9.0",
        "react-social-plugins": "^2.1.0",
        "react-twitter-widgets": "^1.10.0",
        "rekv": "^1.2.2",
        "tailwindcss": "^2.2.4",
        "web3-utils": "^1.5.1"
      },
      "devDependencies": {
        "@babel/core": "^7.12.10",
        "@babel/eslint-parser": "^7.12.1",
        "@babel/plugin-proposal-class-properties": "^7.12.1",
        "@babel/preset-env": "^7.12.11",
        "@babel/preset-react": "^7.12.10",
        "@babel/preset-typescript": "^7.12.7",
        "@commitlint/cli": "^11.0.0",
        "@commitlint/config-angular": "^11.0.0",
        "@commitlint/config-conventional": "^11.0.0",
        "@types/node": "^15.12.2",
        "@types/react": "^17.0.11",
        "@typescript-eslint/eslint-plugin": "^4.10.0",
        "@typescript-eslint/parser": "^4.19.0",
        "eslint": "^7.19.0",
        "eslint-config-airbnb-base": "^14.2.1",
        "eslint-config-prettier": "^6.13.0",
        "eslint-formatter-pretty": "^4.0.0",
        "eslint-plugin-babel": "^5.3.0",
        "eslint-plugin-compat": "^3.1.1",
        "eslint-plugin-eslint-comments": "^3.1.1",
        "eslint-plugin-import": "^2.17.3",
        "eslint-plugin-jest": "^24.0.1",
        "eslint-plugin-jsx-a11y": "^6.2.0",
        "eslint-plugin-markdown": "^1.0.0",
        "eslint-plugin-promise": "^4.1.1",
        "eslint-plugin-react": "^7.21.5",
        "eslint-plugin-react-hooks": "^4.1.2",
        "eslint-plugin-simple-import-sort": "^5.0.3",
        "eslint-plugin-unicorn": "^20.0.0",
        "husky": "^4.3.8",
        "lint-staged": "^10.0.7",
        "prettier": "^2.3.2",
        "stylelint": "^13.7.0",
        "stylelint-config-css-modules": "^2.2.0",
        "stylelint-config-prettier": "^8.0.1",
        "stylelint-config-rational-order": "^0.1.2",
        "stylelint-config-standard": "^20.0.0",
        "stylelint-declaration-block-no-ignored-properties": "^2.1.0",
        "stylelint-no-unsupported-browser-features": "^4.1.4",
        "stylelint-order": "^4.0.0",
        "typescript": "^4.3.2"
      }
    },
    "prefix": "/Users/liqibing/Research/blockchain/ownership/datadidi/join-m7e"
  },
  "2 debug pnpm:context": {
    "currentLockfileExists": false,
    "storeDir": "/Users/liqibing/.pnpm-store/v3",
    "virtualStoreDir": "/Users/liqibing/Research/blockchain/ownership/datadidi/join-m7e/node_modules/.pnpm"
  },
  "3 debug pnpm:stage": {
    "prefix": "/Users/liqibing/Research/blockchain/ownership/datadidi/join-m7e",
    "stage": "resolution_started"
  },
  "4 debug pnpm:_dependency_resolved": {
    "resolution": "registry.npmjs.org/@babel/core/7.15.5",
    "wanted": {
      "dependentId": ".",
      "name": "@babel/core",
      "rawSpec": "^7.12.10"
    }
  },
  "5 debug pnpm:_dependency_resolved": {
    "resolution": "registry.npmjs.org/@babel/eslint-parser/7.15.4",
    "wanted": {
      "dependentId": ".",
      "name": "@babel/eslint-parser",
      "rawSpec": "^7.12.1"
    }
  },
  "6 debug pnpm:_dependency_resolved": {
    "resolution": "registry.npmjs.org/@babel/plugin-proposal-class-properties/7.14.5",
    "wanted": {
      "dependentId": ".",
      "name": "@babel/plugin-proposal-class-properties",
      "rawSpec": "^7.12.1"
    }
  },
  "7 debug pnpm:_dependency_resolved": {
    "resolution": "registry.npmjs.org/@babel/preset-env/7.15.4",
    "wanted": {
      "dependentId": ".",
      "name": "@babel/preset-env",
      "rawSpec": "^7.12.11"
    }
  },
  "8 debug pnpm:_dependency_resolved": {
    "resolution": "registry.npmjs.org/@babel/preset-react/7.14.5",
    "wanted": {
      "dependentId": ".",
      "name": "@babel/preset-react",
      "rawSpec": "^7.12.10"
    }
  },
  "9 debug pnpm:_dependency_resolved": {
    "resolution": "registry.npmjs.org/@babel/preset-typescript/7.15.0",
    "wanted": {
      "dependentId": ".",
      "name": "@babel/preset-typescript",
      "rawSpec": "^7.12.7"
    }
  },
  "10 debug pnpm:_dependency_resolved": {
    "resolution": "registry.npmjs.org/@commitlint/cli/11.0.0",
    "wanted": {
      "dependentId": ".",
      "name": "@commitlint/cli",
      "rawSpec": "^11.0.0"
    }
  },
  "11 debug pnpm:_dependency_resolved": {
    "resolution": "registry.npmjs.org/@commitlint/config-angular/11.0.0",
    "wanted": {
      "dependentId": ".",
      "name": "@commitlint/config-angular",
      "rawSpec": "^11.0.0"
    }
  },
  "12 debug pnpm:_dependency_resolved": {
    "resolution": "registry.npmjs.org/@commitlint/config-conventional/11.0.0",
    "wanted": {
      "dependentId": ".",
      "name": "@commitlint/config-conventional",
      "rawSpec": "^11.0.0"
    }
  },
  "13 debug pnpm:_dependency_resolved": {
    "resolution": "registry.npmjs.org/@types/node/15.14.9",
    "wanted": {
      "dependentId": ".",
      "name": "@types/node",
      "rawSpec": "^15.12.2"
    }
  },
  "14 debug pnpm:_dependency_resolved": {
    "resolution": "registry.npmjs.org/@types/react/17.0.20",
    "wanted": {
      "dependentId": ".",
      "name": "@types/react",
      "rawSpec": "^17.0.11"
    }
  },
  "15 debug pnpm:_dependency_resolved": {
    "resolution": "registry.npmjs.org/@typescript-eslint/eslint-plugin/4.30.0",
    "wanted": {
      "dependentId": ".",
      "name": "@typescript-eslint/eslint-plugin",
      "rawSpec": "^4.10.0"
    }
  },
  "16 debug pnpm:_dependency_resolved": {
    "resolution": "registry.npmjs.org/@typescript-eslint/parser/4.30.0",
    "wanted": {
      "dependentId": ".",
      "name": "@typescript-eslint/parser",
      "rawSpec": "^4.19.0"
    }
  },
  "17 debug pnpm:_dependency_resolved": {
    "resolution": "registry.npmjs.org/eslint/7.32.0",
    "wanted": {
      "dependentId": ".",
      "name": "eslint",
      "rawSpec": "^7.19.0"
    }
  },
  "18 debug pnpm:_dependency_resolved": {
    "resolution": "registry.npmjs.org/eslint-config-airbnb-base/14.2.1",
    "wanted": {
      "dependentId": ".",
      "name": "eslint-config-airbnb-base",
      "rawSpec": "^14.2.1"
    }
  },
  "19 debug pnpm:_dependency_resolved": {
    "resolution": "registry.npmjs.org/eslint-config-prettier/6.15.0",
    "wanted": {
      "dependentId": ".",
      "name": "eslint-config-prettier",
      "rawSpec": "^6.13.0"
    }
  },
  "20 debug pnpm:_dependency_resolved": {
    "resolution": "registry.npmjs.org/eslint-formatter-pretty/4.1.0",
    "wanted": {
      "dependentId": ".",
      "name": "eslint-formatter-pretty",
      "rawSpec": "^4.0.0"
    }
  },
  "21 debug pnpm:_dependency_resolved": {
    "resolution": "registry.npmjs.org/eslint-plugin-babel/5.3.1",
    "wanted": {
      "dependentId": ".",
      "name": "eslint-plugin-babel",
      "rawSpec": "^5.3.0"
    }
  },
  "22 debug pnpm:_dependency_resolved": {
    "resolution": "registry.npmjs.org/eslint-plugin-compat/3.13.0",
    "wanted": {
      "dependentId": ".",
      "name": "eslint-plugin-compat",
      "rawSpec": "^3.1.1"
    }
  },
  "23 debug pnpm:_dependency_resolved": {
    "resolution": "registry.npmjs.org/eslint-plugin-eslint-comments/3.2.0",
    "wanted": {
      "dependentId": ".",
      "name": "eslint-plugin-eslint-comments",
      "rawSpec": "^3.1.1"
    }
  },
  "24 debug pnpm:_dependency_resolved": {
    "resolution": "registry.npmjs.org/eslint-plugin-import/2.24.2",
    "wanted": {
      "dependentId": ".",
      "name": "eslint-plugin-import",
      "rawSpec": "^2.17.3"
    }
  },
  "25 debug pnpm:_dependency_resolved": {
    "resolution": "registry.npmjs.org/eslint-plugin-jest/24.4.0",
    "wanted": {
      "dependentId": ".",
      "name": "eslint-plugin-jest",
      "rawSpec": "^24.0.1"
    }
  },
  "26 debug pnpm:_dependency_resolved": {
    "resolution": "registry.npmjs.org/eslint-plugin-jsx-a11y/6.4.1",
    "wanted": {
      "dependentId": ".",
      "name": "eslint-plugin-jsx-a11y",
      "rawSpec": "^6.2.0"
    }
  },
  "27 debug pnpm:_dependency_resolved": {
    "resolution": "registry.npmjs.org/eslint-plugin-markdown/1.0.2",
    "wanted": {
      "dependentId": ".",
      "name": "eslint-plugin-markdown",
      "rawSpec": "^1.0.0"
    }
  },
  "28 debug pnpm:_dependency_resolved": {
    "resolution": "registry.npmjs.org/eslint-plugin-promise/4.3.1",
    "wanted": {
      "dependentId": ".",
      "name": "eslint-plugin-promise",
      "rawSpec": "^4.1.1"
    }
  },
  "29 debug pnpm:_dependency_resolved": {
    "resolution": "registry.npmjs.org/eslint-plugin-react/7.25.1",
    "wanted": {
      "dependentId": ".",
      "name": "eslint-plugin-react",
      "rawSpec": "^7.21.5"
    }
  },
  "30 debug pnpm:_dependency_resolved": {
    "resolution": "registry.npmjs.org/eslint-plugin-react-hooks/4.2.0",
    "wanted": {
      "dependentId": ".",
      "name": "eslint-plugin-react-hooks",
      "rawSpec": "^4.1.2"
    }
  },
  "31 debug pnpm:_dependency_resolved": {
    "resolution": "registry.npmjs.org/eslint-plugin-simple-import-sort/5.0.3",
    "wanted": {
      "dependentId": ".",
      "name": "eslint-plugin-simple-import-sort",
      "rawSpec": "^5.0.3"
    }
  },
  "32 debug pnpm:_dependency_resolved": {
    "resolution": "registry.npmjs.org/eslint-plugin-unicorn/20.1.0",
    "wanted": {
      "dependentId": ".",
      "name": "eslint-plugin-unicorn",
      "rawSpec": "^20.0.0"
    }
  },
  "33 debug pnpm:_dependency_resolved": {
    "resolution": "registry.npmjs.org/husky/4.3.8",
    "wanted": {
      "dependentId": ".",
      "name": "husky",
      "rawSpec": "^4.3.8"
    }
  },
  "34 debug pnpm:_dependency_resolved": {
    "resolution": "registry.npmjs.org/lint-staged/10.5.4",
    "wanted": {
      "dependentId": ".",
      "name": "lint-staged",
      "rawSpec": "^10.0.7"
    }
  },
  "35 debug pnpm:_dependency_resolved": {
    "resolution": "registry.npmjs.org/prettier/2.3.2",
    "wanted": {
      "dependentId": ".",
      "name": "prettier",
      "rawSpec": "^2.3.2"
    }
  },
  "36 debug pnpm:_dependency_resolved": {
    "resolution": "registry.npmjs.org/stylelint/13.13.1",
    "wanted": {
      "dependentId": ".",
      "name": "stylelint",
      "rawSpec": "^13.7.0"
    }
  },
  "37 debug pnpm:_dependency_resolved": {
    "resolution": "registry.npmjs.org/stylelint-config-css-modules/2.2.0",
    "wanted": {
      "dependentId": ".",
      "name": "stylelint-config-css-modules",
      "rawSpec": "^2.2.0"
    }
  },
  "38 debug pnpm:_dependency_resolved": {
    "resolution": "registry.npmjs.org/stylelint-config-prettier/8.0.2",
    "wanted": {
      "dependentId": ".",
      "name": "stylelint-config-prettier",
      "rawSpec": "^8.0.1"
    }
  },
  "39 debug pnpm:_dependency_resolved": {
    "resolution": "registry.npmjs.org/stylelint-config-rational-order/0.1.2",
    "wanted": {
      "dependentId": ".",
      "name": "stylelint-config-rational-order",
      "rawSpec": "^0.1.2"
    }
  },
  "40 debug pnpm:_dependency_resolved": {
    "resolution": "registry.npmjs.org/stylelint-config-standard/20.0.0",
    "wanted": {
      "dependentId": ".",
      "name": "stylelint-config-standard",
      "rawSpec": "^20.0.0"
    }
  },
  "41 debug pnpm:_dependency_resolved": {
    "resolution": "registry.npmjs.org/stylelint-declaration-block-no-ignored-properties/2.4.0",
    "wanted": {
      "dependentId": ".",
      "name": "stylelint-declaration-block-no-ignored-properties",
      "rawSpec": "^2.1.0"
    }
  },
  "42 debug pnpm:_dependency_resolved": {
    "resolution": "registry.npmjs.org/stylelint-no-unsupported-browser-features/4.1.4",
    "wanted": {
      "dependentId": ".",
      "name": "stylelint-no-unsupported-browser-features",
      "rawSpec": "^4.1.4"
    }
  },
  "43 debug pnpm:_dependency_resolved": {
    "resolution": "registry.npmjs.org/stylelint-order/4.1.0",
    "wanted": {
      "dependentId": ".",
      "name": "stylelint-order",
      "rawSpec": "^4.0.0"
    }
  },
  "44 debug pnpm:_dependency_resolved": {
    "resolution": "registry.npmjs.org/typescript/4.4.2",
    "wanted": {
      "dependentId": ".",
      "name": "typescript",
      "rawSpec": "^4.3.2"
    }
  },
  "45 debug pnpm:_dependency_resolved": {
    "resolution": "registry.npmjs.org/@ceramicstudio/idx/0.12.1",
    "wanted": {
      "dependentId": ".",
      "name": "@ceramicstudio/idx",
      "rawSpec": "^0.12.1"
    }
  },
  "46 debug pnpm:_dependency_resolved": {
    "resolution": "registry.npmjs.org/@emotion/react/11.4.1",
    "wanted": {
      "dependentId": ".",
      "name": "@emotion/react",
      "rawSpec": "^11.4.0"
    }
  },
  "47 debug pnpm:_dependency_resolved": {
    "resolution": "registry.npmjs.org/@types/merge-images/1.2.1",
    "wanted": {
      "dependentId": ".",
      "name": "@types/merge-images",
      "rawSpec": "1.2.1"
    }
  },
  "48 debug pnpm:_dependency_resolved": {
    "resolution": "registry.npmjs.org/buffer/6.0.3",
    "wanted": {
      "dependentId": ".",
      "name": "buffer",
      "rawSpec": "^6.0.3"
    }
  },
  "49 debug pnpm:_dependency_resolved": {
    "resolution": "registry.npmjs.org/nft.storage/0.3.10",
    "wanted": {
      "dependentId": ".",
      "name": "nft.storage",
      "rawSpec": "^0.3.9"
    }
  },
  "50 debug pnpm:_dependency_resolved": {
    "resolution": "registry.npmjs.org/react-spring/9.2.4",
    "wanted": {
      "dependentId": ".",
      "name": "react-spring",
      "rawSpec": "^9.2.1"
    }
  },
  "51 debug pnpm:_dependency_resolved": {
    "resolution": "registry.npmjs.org/react-use/17.3.1",
    "wanted": {
      "dependentId": ".",
      "name": "react-use",
      "rawSpec": "^17.2.4"
    }
  },
  "52 debug pnpm:_dependency_resolved": {
    "resolution": "registry.npmjs.org/@ant-design/icons/4.6.4",
    "wanted": {
      "dependentId": ".",
      "name": "@ant-design/icons",
      "rawSpec": "^4.6.2"
    }
  },
  "53 debug pnpm:_dependency_resolved": {
    "resolution": "registry.npmjs.org/@download/blockies/1.0.3",
    "wanted": {
      "dependentId": ".",
      "name": "@download/blockies",
      "rawSpec": "^1.0.3"
    }
  },
  "54 debug pnpm:_dependency_resolved": {
    "resolution": "registry.npmjs.org/@headlessui/react/1.4.1",
    "wanted": {
      "dependentId": ".",
      "name": "@headlessui/react",
      "rawSpec": "^1.3.0"
    }
  },
  "55 debug pnpm:_dependency_resolved": {
    "resolution": "registry.npmjs.org/@heroicons/react/1.0.4",
    "wanted": {
      "dependentId": ".",
      "name": "@heroicons/react",
      "rawSpec": "^1.0.2"
    }
  },
  "56 debug pnpm:_dependency_resolved": {
    "resolution": "registry.npmjs.org/@reach/skip-nav/0.15.3",
    "wanted": {
      "dependentId": ".",
      "name": "@reach/skip-nav",
      "rawSpec": "^0.15.0"
    }
  },
  "57 debug pnpm:_dependency_resolved": {
    "resolution": "registry.npmjs.org/@react-aria/button/3.3.3",
    "wanted": {
      "dependentId": ".",
      "name": "@react-aria/button",
      "rawSpec": "^3.3.2"
    }
  },
  "58 debug pnpm:_dependency_resolved": {
    "resolution": "registry.npmjs.org/@react-aria/dialog/3.1.4",
    "wanted": {
      "dependentId": ".",
      "name": "@react-aria/dialog",
      "rawSpec": "^3.1.3"
    }
  },
  "59 debug pnpm:_dependency_resolved": {
    "resolution": "registry.npmjs.org/@react-aria/focus/3.4.1",
    "wanted": {
      "dependentId": ".",
      "name": "@react-aria/focus",
      "rawSpec": "^3.4.0"
    }
  },
  "60 debug pnpm:_dependency_resolved": {
    "resolution": "registry.npmjs.org/@react-aria/overlays/3.7.2",
    "wanted": {
      "dependentId": ".",
      "name": "@react-aria/overlays",
      "rawSpec": "^3.7.1"
    }
  },
  "61 debug pnpm:_dependency_resolved": {
    "resolution": "registry.npmjs.org/@react-stately/overlays/3.1.3",
    "wanted": {
      "dependentId": ".",
      "name": "@react-stately/overlays",
      "rawSpec": "^3.1.2"
    }
  },
  "62 debug pnpm:_dependency_resolved": {
    "resolution": "registry.npmjs.org/@svgr/webpack/5.5.0",
    "wanted": {
      "dependentId": ".",
      "name": "@svgr/webpack",
      "rawSpec": "^5.5.0"
    }
  },
  "63 debug pnpm:_dependency_resolved": {
    "resolution": "registry.npmjs.org/@tryghost/content-api/1.5.13",
    "wanted": {
      "dependentId": ".",
      "name": "@tryghost/content-api",
      "rawSpec": "^1.5.10"
    }
  },
  "64 debug pnpm:_dependency_resolved": {
    "resolution": "registry.npmjs.org/@types/qs/6.9.7",
    "wanted": {
      "dependentId": ".",
      "name": "@types/qs",
      "rawSpec": "^6.9.6"
    }
  },
  "65 debug pnpm:_dependency_resolved": {
    "resolution": "registry.npmjs.org/@types/tryghost__content-api/1.3.7",
    "wanted": {
      "dependentId": ".",
      "name": "@types/tryghost__content-api",
      "rawSpec": "^1.3.7"
    }
  },
  "66 debug pnpm:_dependency_resolved": {
    "resolution": "registry.npmjs.org/antd/4.16.13",
    "wanted": {
      "dependentId": ".",
      "name": "antd",
      "rawSpec": "^4.16.10"
    }
  },
  "67 debug pnpm:_dependency_resolved": {
    "resolution": "registry.npmjs.org/autoprefixer/10.3.4",
    "wanted": {
      "dependentId": ".",
      "name": "autoprefixer",
      "rawSpec": "^10.2.6"
    }
  },
  "68 debug pnpm:_dependency_resolved": {
    "resolution": "registry.npmjs.org/axios/0.21.3",
    "wanted": {
      "dependentId": ".",
      "name": "axios",
      "rawSpec": "^0.21.1"
    }
  },
  "69 debug pnpm:_dependency_resolved": {
    "resolution": "registry.npmjs.org/babel-plugin-import/1.13.3",
    "wanted": {
      "dependentId": ".",
      "name": "babel-plugin-import",
      "rawSpec": "^1.13.3"
    }
  },
  "70 debug pnpm:_dependency_resolved": {
    "resolution": "registry.npmjs.org/classnames/2.3.1",
    "wanted": {
      "dependentId": ".",
      "name": "classnames",
      "rawSpec": "^2.3.1"
    }
  },
  "71 debug pnpm:_dependency_resolved": {
    "resolution": "registry.npmjs.org/dayjs/1.10.6",
    "wanted": {
      "dependentId": ".",
      "name": "dayjs",
      "rawSpec": "^1.10.6"
    }
  },
  "72 debug pnpm:_dependency_resolved": {
    "resolution": "registry.npmjs.org/ethers/5.4.6",
    "wanted": {
      "dependentId": ".",
      "name": "ethers",
      "rawSpec": "^5.4.4"
    }
  },
  "73 debug pnpm:_dependency_resolved": {
    "resolution": "registry.npmjs.org/eventemitter3/4.0.7",
    "wanted": {
      "dependentId": ".",
      "name": "eventemitter3",
      "rawSpec": "^4.0.7"
    }
  },
  "74 debug pnpm:_dependency_resolved": {
    "resolution": "registry.npmjs.org/gsap/3.7.1",
    "wanted": {
      "dependentId": ".",
      "name": "gsap",
      "rawSpec": "^3.7.1"
    }
  },
  "75 debug pnpm:_dependency_resolved": {
    "resolution": "registry.npmjs.org/isomorphic-fetch/3.0.0",
    "wanted": {
      "dependentId": ".",
      "name": "isomorphic-fetch",
      "rawSpec": "^3.0.0"
    }
  },
  "76 debug pnpm:_dependency_resolved": {
    "resolution": "registry.npmjs.org/merge-images/2.0.0",
    "wanted": {
      "dependentId": ".",
      "name": "merge-images",
      "rawSpec": "^2.0.0"
    }
  },
  "77 debug pnpm:_dependency_resolved": {
    "resolution": "registry.npmjs.org/next/11.1.2",
    "wanted": {
      "dependentId": ".",
      "name": "next",
      "rawSpec": "11.x"
    }
  },
  "78 debug pnpm:_dependency_resolved": {
    "resolution": "registry.npmjs.org/next-intl/1.5.1",
    "wanted": {
      "dependentId": ".",
      "name": "next-intl",
      "rawSpec": "^1.4.4"
    }
  },
  "79 debug pnpm:_dependency_resolved": {
    "resolution": "registry.npmjs.org/next-plugin-antd-less/1.4.2",
    "wanted": {
      "dependentId": ".",
      "name": "next-plugin-antd-less",
      "rawSpec": "^1.3.0"
    }
  },
  "80 debug pnpm:_dependency_resolved": {
    "resolution": "registry.npmjs.org/postcss/8.3.6",
    "wanted": {
      "dependentId": ".",
      "name": "postcss",
      "rawSpec": "^8.3.5"
    }
  },
  "81 debug pnpm:_dependency_resolved": {
    "resolution": "registry.npmjs.org/qs/6.10.1",
    "wanted": {
      "dependentId": ".",
      "name": "qs",
      "rawSpec": "^6.10.1"
    }
  },
  "82 debug pnpm:_dependency_resolved": {
    "resolution": "registry.npmjs.org/react/17.0.2",
    "wanted": {
      "dependentId": ".",
      "name": "react",
      "rawSpec": "17.x"
    }
  },
  "83 debug pnpm:_dependency_resolved": {
    "resolution": "registry.npmjs.org/react-aria/3.9.0",
    "wanted": {
      "dependentId": ".",
      "name": "react-aria",
      "rawSpec": "^3.6.0"
    }
  },
  "84 debug pnpm:_dependency_resolved": {
    "resolution": "registry.npmjs.org/react-dom/17.0.2",
    "wanted": {
      "dependentId": ".",
      "name": "react-dom",
      "rawSpec": "17.x"
    }
  },
  "85 debug pnpm:_dependency_resolved": {
    "resolution": "registry.npmjs.org/react-infinite-scroll-component/6.1.0",
    "wanted": {
      "dependentId": ".",
      "name": "react-infinite-scroll-component",
      "rawSpec": "^6.1.0"
    }
  },
  "86 debug pnpm:_dependency_resolved": {
    "resolution": "registry.npmjs.org/react-lines-ellipsis/0.15.0",
    "wanted": {
      "dependentId": ".",
      "name": "react-lines-ellipsis",
      "rawSpec": "^0.15.0"
    }
  },
  "87 debug pnpm:_dependency_resolved": {
    "resolution": "registry.npmjs.org/react-modal/3.14.3",
    "wanted": {
      "dependentId": ".",
      "name": "react-modal",
      "rawSpec": "^3.14.3"
    }
  },
  "88 debug pnpm:_dependency_resolved": {
    "resolution": "registry.npmjs.org/react-player/2.9.0",
    "wanted": {
      "dependentId": ".",
      "name": "react-player",
      "rawSpec": "^2.9.0"
    }
  },
  "89 debug pnpm:_dependency_resolved": {
    "resolution": "registry.npmjs.org/react-social-plugins/2.1.0",
    "wanted": {
      "dependentId": ".",
      "name": "react-social-plugins",
      "rawSpec": "^2.1.0"
    }
  },
  "90 debug pnpm:_dependency_resolved": {
    "resolution": "registry.npmjs.org/react-twitter-widgets/1.10.0",
    "wanted": {
      "dependentId": ".",
      "name": "react-twitter-widgets",
      "rawSpec": "^1.10.0"
    }
  },
  "91 debug pnpm:_dependency_resolved": {
    "resolution": "registry.npmjs.org/rekv/1.2.2",
    "wanted": {
      "dependentId": ".",
      "name": "rekv",
      "rawSpec": "^1.2.2"
    }
  },
  "92 debug pnpm:_dependency_resolved": {
    "resolution": "registry.npmjs.org/tailwindcss/2.2.9",
    "wanted": {
      "dependentId": ".",
      "name": "tailwindcss",
      "rawSpec": "^2.2.4"
    }
  },
  "93 debug pnpm:_dependency_resolved": {
    "resolution": "registry.npmjs.org/web3-utils/1.5.2",
    "wanted": {
      "dependentId": ".",
      "name": "web3-utils",
      "rawSpec": "^1.5.1"
    }
  },
  "94 error pnpm": {
    "code": "ERR_PNPM_NO_IMPORTER_MANIFEST_FOUND",
    "pkgsStack": [],
    "err": {
      "name": "Error",
      "message": "No package.json (or package.yaml, or package.json5) was found in \"/Users/liqibing/Research/blockchain/ownership/datadidi/join-m7e/dataverse/sdk\".",
      "code": "ERR_PNPM_NO_IMPORTER_MANIFEST_FOUND",
      "stack": "Error: No package.json (or package.yaml, or package.json5) was found in \"/Users/liqibing/Research/blockchain/ownership/datadidi/join-m7e/dataverse/sdk\".\n    at readProjectManifest (/Users/liqibing/pnpm-global/5/node_modules/.pnpm/registry.nlark.com+pnpm@6.9.1/node_modules/pnpm/dist/pnpm.cjs:39698:13)\n    at async Object.readProjectManifestOnly (/Users/liqibing/pnpm-global/5/node_modules/.pnpm/registry.nlark.com+pnpm@6.9.1/node_modules/pnpm/dist/pnpm.cjs:39702:28)\n    at async Object.resolveLocal [as default] (/Users/liqibing/pnpm-global/5/node_modules/.pnpm/registry.nlark.com+pnpm@6.9.1/node_modules/pnpm/dist/pnpm.cjs:78449:35)\n    at async Object.resolve (/Users/liqibing/pnpm-global/5/node_modules/.pnpm/registry.nlark.com+pnpm@6.9.1/node_modules/pnpm/dist/pnpm.cjs:79354:309)\n    at async run (/Users/liqibing/pnpm-global/5/node_modules/.pnpm/registry.nlark.com+pnpm@6.9.1/node_modules/pnpm/dist/pnpm.cjs:65439:23)"
    }
  },
  "95 debug pnpm:_dependency_resolved": {
    "resolution": "registry.npmjs.org/3id-did-provider/1.1.0",
    "wanted": {
      "dependentId": ".",
      "name": "3id-did-provider",
      "rawSpec": "1.1.0"
    }
  },
  "96 debug pnpm:progress": {
    "packageId": "registry.npmjs.org/3id-did-provider/1.1.0",
    "requester": "/Users/liqibing/Research/blockchain/ownership/datadidi/join-m7e",
    "status": "resolved"
  },
  "97 debug pnpm:_dependency_resolved": {
    "resolution": "registry.npmjs.org/@ceramicnetwork/common/1.3.0",
    "wanted": {
      "dependentId": ".",
      "name": "@ceramicnetwork/common",
      "rawSpec": "1.3.0"
    }
  },
  "98 debug pnpm:progress": {
    "packageId": "registry.npmjs.org/@ceramicnetwork/common/1.3.0",
    "requester": "/Users/liqibing/Research/blockchain/ownership/datadidi/join-m7e",
    "status": "resolved"
  },
  "99 debug pnpm:_dependency_resolved": {
    "resolution": "registry.npmjs.org/@ceramicstudio/idx-tools/0.11.0",
    "wanted": {
      "dependentId": ".",
      "name": "@ceramicstudio/idx-tools",
      "rawSpec": "0.11.0"
    }
  },
  "100 debug pnpm:progress": {
    "packageId": "registry.npmjs.org/@ceramicstudio/idx-tools/0.11.0",
    "requester": "/Users/liqibing/Research/blockchain/ownership/datadidi/join-m7e",
    "status": "resolved"
  },
  "101 debug pnpm:_dependency_resolved": {
    "resolution": "registry.npmjs.org/@ceramicnetwork/stream-tile/1.2.0",
    "wanted": {
      "dependentId": ".",
      "name": "@ceramicnetwork/stream-tile",
      "rawSpec": "1.2.0"
    }
  },
  "102 debug pnpm:progress": {
    "packageId": "registry.npmjs.org/@ceramicnetwork/stream-tile/1.2.0",
    "requester": "/Users/liqibing/Research/blockchain/ownership/datadidi/join-m7e",
    "status": "resolved"
  }
}